<?xml version="1.0" encoding="UTF-8" ?>
<testsuite errors="0" failures="0" hostname="assma-Aspire-E5-573G" name="entità.PianoDiStudioIT" skipped="0" tests="3" time="0.073" timestamp="2019-06-26T13:39:03">
  <properties>
[...]
</properties>
  <testcase classname="entità.PianoDiStudioIT" name="testGetId" time="0.002" />
  <testcase classname="entità.PianoDiStudioIT" name="testGetTipo" time="0.0" />
  <testcase classname="entità.PianoDiStudioIT" name="testDiffId" time="0.0" />
  <system-out><![CDATA[scrivere corso
getId
getTipo
Testing DiffId
]]></system-out>
  <system-err><![CDATA[]]></system-err>
</testsuite>
